<?xml version="1.0" encoding="UTF-8"?>
<!-- Generated by org.testng.reporters.JUnitReportReporter -->
<testsuite skipped="0" hostname="LAPTOP-IAQHS7UT" name="test.BankCashMenuTest" tests="1" failures="0" timestamp="19 Apr 2022 17:48:34 GMT" time="20.616" errors="0">
  <testcase name="validUserShouldBeAbleToAddNewAccount" time="20.616" classname="test.BankCashMenuTest"/>
</testsuite> <!-- test.BankCashMenuTest -->
