<?xml version="1.0" encoding="UTF-8"?>
<!-- Generated by org.testng.reporters.JUnitReportReporter -->
<testsuite skipped="0" hostname="LAPTOP-IAQHS7UT" name="util.BrowserFactory" tests="1" failures="0" timestamp="25 Mar 2022 21:10:34 GMT" time="3.320" errors="0">
  <testcase name="readConfig" time="3.320" classname="util.BrowserFactory"/>
</testsuite> <!-- util.BrowserFactory -->
