<?xml version="1.0" encoding="UTF-8"?>
<!-- Generated by org.testng.reporters.JUnitReportReporter -->
<testsuite skipped="0" hostname="LAPTOP-IAQHS7UT" name="test.LoginTest" tests="1" failures="0" timestamp="23 Mar 2022 19:41:53 GMT" time="7.590" errors="0">
  <testcase name="validUserShouldBeAbleToLogin" time="7.590" classname="test.LoginTest"/>
</testsuite> <!-- test.LoginTest -->
